<?xml version="1.0" encoding="UTF-8"?>
<testng-results ignored="0" total="1" passed="1" failed="0" skipped="0">
  <reporter-output>
  </reporter-output>
  <suite started-at="2023-09-01T12:21:44 IST" name="Default suite" finished-at="2023-09-01T12:22:28 IST" duration-ms="43581">
    <groups>
    </groups>
    <test started-at="2023-09-01T12:21:44 IST" name="Default test" finished-at="2023-09-01T12:22:28 IST" duration-ms="43581">
      <class name="Module1_LoginTest.PBLogin_TestNg_Test1">
        <test-method is-config="true" signature="OPenBrowser()[pri:0, instance:Module1_LoginTest.PBLogin_TestNg_Test1@1cf6d1be]" started-at="2023-09-01T12:21:44 IST" name="OPenBrowser" finished-at="2023-09-01T12:21:57 IST" duration-ms="13238" status="PASS">
          <reporter-output>
          </reporter-output>
        </test-method> <!-- OPenBrowser -->
        <test-method is-config="true" signature="loginToApp()[pri:0, instance:Module1_LoginTest.PBLogin_TestNg_Test1@1cf6d1be]" started-at="2023-09-01T12:21:57 IST" name="loginToApp" finished-at="2023-09-01T12:22:13 IST" duration-ms="15687" status="PASS">
          <reporter-output>
          </reporter-output>
        </test-method> <!-- loginToApp -->
        <test-method signature="VerifyFullname()[pri:0, instance:Module1_LoginTest.PBLogin_TestNg_Test1@1cf6d1be]" started-at="2023-09-01T12:22:13 IST" name="VerifyFullname" finished-at="2023-09-01T12:22:23 IST" duration-ms="10088" status="PASS">
          <reporter-output>
          </reporter-output>
        </test-method> <!-- VerifyFullname -->
        <test-method is-config="true" signature="logout(org.testng.ITestResult)[pri:0, instance:Module1_LoginTest.PBLogin_TestNg_Test1@1cf6d1be]" started-at="2023-09-01T12:22:23 IST" name="logout" finished-at="2023-09-01T12:22:28 IST" duration-ms="4427" status="PASS">
          <params>
            <param index="0">
              <value>
                <![CDATA[[TestResult name=VerifyFullname status=SUCCESS method=PBLogin_TestNg_Test1.VerifyFullname()[pri:0, instance:Module1_LoginTest.PBLogin_TestNg_Test1@1cf6d1be] output={null}]]]>
              </value>
            </param>
          </params>
          <reporter-output>
          </reporter-output>
        </test-method> <!-- logout -->
        <test-method is-config="true" signature="closebrowser()[pri:0, instance:Module1_LoginTest.PBLogin_TestNg_Test1@1cf6d1be]" started-at="2023-09-01T12:22:28 IST" name="closebrowser" finished-at="2023-09-01T12:22:28 IST" duration-ms="64" status="PASS">
          <reporter-output>
          </reporter-output>
        </test-method> <!-- closebrowser -->
      </class> <!-- Module1_LoginTest.PBLogin_TestNg_Test1 -->
    </test> <!-- Default test -->
  </suite> <!-- Default suite -->
</testng-results>
