<?xml version="1.0" encoding="UTF-8"?>
<testng-results ignored="0" total="1" passed="1" failed="0" skipped="0">
  <reporter-output>
  </reporter-output>
  <suite started-at="2023-08-30T16:17:08 IST" name="Default suite" finished-at="2023-08-30T16:18:08 IST" duration-ms="60138">
    <groups>
    </groups>
    <test started-at="2023-08-30T16:17:08 IST" name="Default test" finished-at="2023-08-30T16:18:08 IST" duration-ms="60138">
      <class name="Module1_LoginTest.PBLogin_TestNg_Test1">
        <test-method is-config="true" signature="OPenBrowser()[pri:0, instance:Module1_LoginTest.PBLogin_TestNg_Test1@7ef82753]" started-at="2023-08-30T16:17:08 IST" name="OPenBrowser" finished-at="2023-08-30T16:17:42 IST" duration-ms="33925" status="PASS">
          <reporter-output>
          </reporter-output>
        </test-method> <!-- OPenBrowser -->
        <test-method is-config="true" signature="loginToApp()[pri:0, instance:Module1_LoginTest.PBLogin_TestNg_Test1@7ef82753]" started-at="2023-08-30T16:17:42 IST" name="loginToApp" finished-at="2023-08-30T16:17:51 IST" duration-ms="9133" status="PASS">
          <reporter-output>
          </reporter-output>
        </test-method> <!-- loginToApp -->
        <test-method signature="VerifyFullname()[pri:0, instance:Module1_LoginTest.PBLogin_TestNg_Test1@7ef82753]" started-at="2023-08-30T16:17:51 IST" name="VerifyFullname" finished-at="2023-08-30T16:18:03 IST" duration-ms="12600" status="PASS">
          <reporter-output>
          </reporter-output>
        </test-method> <!-- VerifyFullname -->
        <test-method is-config="true" signature="logout(org.testng.ITestResult)[pri:0, instance:Module1_LoginTest.PBLogin_TestNg_Test1@7ef82753]" started-at="2023-08-30T16:18:03 IST" name="logout" finished-at="2023-08-30T16:18:08 IST" duration-ms="4327" status="PASS">
          <params>
            <param index="0">
              <value>
                <![CDATA[[TestResult name=VerifyFullname status=SUCCESS method=PBLogin_TestNg_Test1.VerifyFullname()[pri:0, instance:Module1_LoginTest.PBLogin_TestNg_Test1@7ef82753] output={null}]]]>
              </value>
            </param>
          </params>
          <reporter-output>
          </reporter-output>
        </test-method> <!-- logout -->
        <test-method is-config="true" signature="closebrowser()[pri:0, instance:Module1_LoginTest.PBLogin_TestNg_Test1@7ef82753]" started-at="2023-08-30T16:18:08 IST" name="closebrowser" finished-at="2023-08-30T16:18:08 IST" duration-ms="71" status="PASS">
          <reporter-output>
          </reporter-output>
        </test-method> <!-- closebrowser -->
      </class> <!-- Module1_LoginTest.PBLogin_TestNg_Test1 -->
    </test> <!-- Default test -->
  </suite> <!-- Default suite -->
</testng-results>
